[debug] [2022-12-19T06:49:44.767Z] ----------------------------------------------------------------------
[debug] [2022-12-19T06:49:44.773Z] Command:       C:\Program Files\nodejs\node.exe C:\Users\samer\AppData\Roaming\npm\node_modules\firebase-tools\lib\bin\firebase.js deploy
[debug] [2022-12-19T06:49:44.774Z] CLI Version:   11.18.0
[debug] [2022-12-19T06:49:44.774Z] Platform:      win32
[debug] [2022-12-19T06:49:44.775Z] Node Version:  v16.16.0
[debug] [2022-12-19T06:49:44.794Z] Time:          Mon Dec 19 2022 07:49:44 GMT+0100 (hora estándar de Europa central)
[debug] [2022-12-19T06:49:44.795Z] ----------------------------------------------------------------------
[debug] 
[debug] [2022-12-19T06:49:45.003Z] > command requires scopes: ["email","openid","https://www.googleapis.com/auth/cloudplatformprojects.readonly","https://www.googleapis.com/auth/firebase","https://www.googleapis.com/auth/cloud-platform"]
[debug] [2022-12-19T06:49:45.004Z] > authorizing via signed-in user (samerel.91@gmail.com)
[debug] [2022-12-19T06:49:45.005Z] [iam] checking project joke-pac-react for permissions ["firebase.projects.get","firebasehosting.sites.update"]
[debug] [2022-12-19T06:49:45.009Z] > refreshing access token with scopes: []
[debug] [2022-12-19T06:49:45.014Z] >>> [apiv2][query] POST https://www.googleapis.com/oauth2/v3/token [none]
[debug] [2022-12-19T06:49:45.014Z] >>> [apiv2][body] POST https://www.googleapis.com/oauth2/v3/token [omitted]
[debug] [2022-12-19T06:49:45.315Z] <<< [apiv2][status] POST https://www.googleapis.com/oauth2/v3/token 200
[debug] [2022-12-19T06:49:45.315Z] <<< [apiv2][body] POST https://www.googleapis.com/oauth2/v3/token [omitted]
[debug] [2022-12-19T06:49:45.338Z] >>> [apiv2][query] POST https://cloudresourcemanager.googleapis.com/v1/projects/joke-pac-react:testIamPermissions [none]
[debug] [2022-12-19T06:49:45.339Z] >>> [apiv2][(partial)header] POST https://cloudresourcemanager.googleapis.com/v1/projects/joke-pac-react:testIamPermissions x-goog-quota-user=projects/joke-pac-react
[debug] [2022-12-19T06:49:45.339Z] >>> [apiv2][body] POST https://cloudresourcemanager.googleapis.com/v1/projects/joke-pac-react:testIamPermissions {"permissions":["firebase.projects.get","firebasehosting.sites.update"]}
[debug] [2022-12-19T06:49:46.161Z] <<< [apiv2][status] POST https://cloudresourcemanager.googleapis.com/v1/projects/joke-pac-react:testIamPermissions 200
[debug] [2022-12-19T06:49:46.162Z] <<< [apiv2][body] POST https://cloudresourcemanager.googleapis.com/v1/projects/joke-pac-react:testIamPermissions {"permissions":["firebase.projects.get","firebasehosting.sites.update"]}
[debug] [2022-12-19T06:49:46.166Z] >>> [apiv2][query] GET https://firebase.googleapis.com/v1beta1/projects/joke-pac-react [none]
[debug] [2022-12-19T06:49:46.472Z] <<< [apiv2][status] GET https://firebase.googleapis.com/v1beta1/projects/joke-pac-react 200
[debug] [2022-12-19T06:49:46.472Z] <<< [apiv2][body] GET https://firebase.googleapis.com/v1beta1/projects/joke-pac-react {"projectId":"joke-pac-react","projectNumber":"146198973998","displayName":"joke-pac-react","name":"projects/joke-pac-react","resources":{"hostingSite":"joke-pac-react"},"state":"ACTIVE","etag":"1_7159959e-3c59-4364-913a-99391a21e4f7"}
[info] 
[info] === Deploying to 'joke-pac-react'...
[info] 
[info] i  deploying hosting 
[debug] [2022-12-19T06:49:46.512Z] >>> [apiv2][query] POST https://firebasehosting.googleapis.com/v1beta1/projects/-/sites/joke-pac-react/versions [none]
[debug] [2022-12-19T06:49:46.513Z] >>> [apiv2][body] POST https://firebasehosting.googleapis.com/v1beta1/projects/-/sites/joke-pac-react/versions {"status":"CREATED","labels":{"deployment-tool":"cli-firebase"}}
[debug] [2022-12-19T06:49:47.804Z] <<< [apiv2][status] POST https://firebasehosting.googleapis.com/v1beta1/projects/-/sites/joke-pac-react/versions 200
[debug] [2022-12-19T06:49:47.807Z] <<< [apiv2][body] POST https://firebasehosting.googleapis.com/v1beta1/projects/-/sites/joke-pac-react/versions {"name":"projects/146198973998/sites/joke-pac-react/versions/dd9a4b5213094ee7","status":"CREATED","config":{},"labels":{"deployment-tool":"cli-firebase"}}
[info] i  hosting[joke-pac-react]: beginning deploy... 
[info] i  hosting[joke-pac-react]: found 17 files in build 
[debug] [2022-12-19T06:49:47.899Z] [hosting] uploading with 200 concurrency
[debug] [2022-12-19T06:49:49.057Z] [hosting] hash cache [YnVpbGQ] stored for 17 files
[debug] [2022-12-19T06:49:49.058Z] [hosting][hash queue][FINAL] {"max":1112,"min":15,"avg":135.2941176470588,"active":0,"complete":17,"success":17,"errored":0,"retried":0,"total":17,"elapsed":1133}
[debug] [2022-12-19T06:49:49.060Z] >>> [apiv2][query] POST https://firebasehosting.googleapis.com/v1beta1/projects/146198973998/sites/joke-pac-react/versions/dd9a4b5213094ee7:populateFiles [none]
[debug] [2022-12-19T06:49:49.060Z] >>> [apiv2][body] POST https://firebasehosting.googleapis.com/v1beta1/projects/146198973998/sites/joke-pac-react/versions/dd9a4b5213094ee7:populateFiles {"files":{"/favicon.ico":"eae62e993eb980ec8a25058c39d5a51feab118bd2100c4deebb2a9c158ec11f9","/logo192.png":"3ee59515172ee198f3be375979df15ac5345183e656720a381b8872b2a39dc8b","/logo512.png":"ee7e2f3fdb8209c4b6fd7bef6ba50d1b9dba30a25bb5c3126df057e1cb6f5331","/manifest.json":"aff3449bdc238776f5d6d967f19ec491b36aed5fb7f23ccff6500736fd58494a","/robots.txt":"bfe106a3fb878dc83461c86818bf74fc1bdc7f28538ba613cd3e775516ce8b49","/asset-manifest.json":"a0f1e1e3acb35c25c7224e5b959ec9e70c1807e750e4faea7fcf34c670f8fe4e","/index.html":"426aab76e9e6a3094b3dfcd2413354e5c121e1e0b7e2731d262d50dd977a6c76","/static/css/main.ca6f12e8.css":"13d08ec700f6a774bdba37f68eb648fed70e1e889ff12ebae1154280fbd81b0b","/static/js/main.056e4917.js.LICENSE.txt":"cb48e32548fe119c526e23df5b61581753f2ad70656990994fcceaa6e2e53bd4","/static/media/Fav.b583e3a8d378b16ab61d0a9789800366.svg":"e71ceb7e51defe919ed05581ecd443419c5befd75baa74b764a3fba772bd9400","/static/css/main.ca6f12e8.css.map":"7685c2f18aaffe1d1d035ce1002915a8c86aee95589bcb348b9f4e4bce81adaa","/static/media/PacLogo.10c93087940abba2da38e2d637a93f81.svg":"cc2125109e5263230d7877fb08ffb2200c7f912cd43078751ebf80ec6eb2294c","/static/media/Shuffle.7dc79a28debbf2e6870f9cc746686b1e.svg":"8b84273c8264f7b6269a022c5cfb941b8b95d4db9c0ab762fa9bad32dfa25825","/static/media/Visible.e33f94d93b7271fa9904228a80af36e8.svg":"76edc00f6124f255cea678375f5055cd3d54cdecf19aa031712b381a166e600a","/static/media/Border.5d80515e01d7300fff9bc262f74a0e5c.svg":"19781d45efeddfdc3f26da66ba61a9246d57a9640ac8da4529602db8a54a2842","/static/js/main.056e4917.js":"83b442bbec76ebdbc6a69bf4abcce28921eae79a4d44430398a000b123cd13a1","/static/js/main.056e4917.js.map":"4cc231a6f7c58766a0312049a826b442d171e98be2e5aa226759852430a7c074"}}
[debug] [2022-12-19T06:49:50.153Z] <<< [apiv2][status] POST https://firebasehosting.googleapis.com/v1beta1/projects/146198973998/sites/joke-pac-react/versions/dd9a4b5213094ee7:populateFiles 200
[debug] [2022-12-19T06:49:50.153Z] <<< [apiv2][body] POST https://firebasehosting.googleapis.com/v1beta1/projects/146198973998/sites/joke-pac-react/versions/dd9a4b5213094ee7:populateFiles {"uploadRequiredHashes":["a0f1e1e3acb35c25c7224e5b959ec9e70c1807e750e4faea7fcf34c670f8fe4e","426aab76e9e6a3094b3dfcd2413354e5c121e1e0b7e2731d262d50dd977a6c76","83b442bbec76ebdbc6a69bf4abcce28921eae79a4d44430398a000b123cd13a1","4cc231a6f7c58766a0312049a826b442d171e98be2e5aa226759852430a7c074"],"uploadUrl":"https://upload-firebasehosting.googleapis.com/upload/sites/joke-pac-react/versions/dd9a4b5213094ee7/files"}
[debug] [2022-12-19T06:49:50.157Z] >>> [apiv2][query] POST https://upload-firebasehosting.googleapis.com/upload/sites/joke-pac-react/versions/dd9a4b5213094ee7/files/a0f1e1e3acb35c25c7224e5b959ec9e70c1807e750e4faea7fcf34c670f8fe4e [none]
[debug] [2022-12-19T06:49:50.157Z] >>> [apiv2][body] POST https://upload-firebasehosting.googleapis.com/upload/sites/joke-pac-react/versions/dd9a4b5213094ee7/files/a0f1e1e3acb35c25c7224e5b959ec9e70c1807e750e4faea7fcf34c670f8fe4e [stream]
[debug] [2022-12-19T06:49:50.161Z] >>> [apiv2][query] POST https://upload-firebasehosting.googleapis.com/upload/sites/joke-pac-react/versions/dd9a4b5213094ee7/files/426aab76e9e6a3094b3dfcd2413354e5c121e1e0b7e2731d262d50dd977a6c76 [none]
[debug] [2022-12-19T06:49:50.161Z] >>> [apiv2][body] POST https://upload-firebasehosting.googleapis.com/upload/sites/joke-pac-react/versions/dd9a4b5213094ee7/files/426aab76e9e6a3094b3dfcd2413354e5c121e1e0b7e2731d262d50dd977a6c76 [stream]
[debug] [2022-12-19T06:49:50.164Z] >>> [apiv2][query] POST https://upload-firebasehosting.googleapis.com/upload/sites/joke-pac-react/versions/dd9a4b5213094ee7/files/83b442bbec76ebdbc6a69bf4abcce28921eae79a4d44430398a000b123cd13a1 [none]
[debug] [2022-12-19T06:49:50.164Z] >>> [apiv2][body] POST https://upload-firebasehosting.googleapis.com/upload/sites/joke-pac-react/versions/dd9a4b5213094ee7/files/83b442bbec76ebdbc6a69bf4abcce28921eae79a4d44430398a000b123cd13a1 [stream]
[debug] [2022-12-19T06:49:50.168Z] >>> [apiv2][query] POST https://upload-firebasehosting.googleapis.com/upload/sites/joke-pac-react/versions/dd9a4b5213094ee7/files/4cc231a6f7c58766a0312049a826b442d171e98be2e5aa226759852430a7c074 [none]
[debug] [2022-12-19T06:49:50.168Z] >>> [apiv2][body] POST https://upload-firebasehosting.googleapis.com/upload/sites/joke-pac-react/versions/dd9a4b5213094ee7/files/4cc231a6f7c58766a0312049a826b442d171e98be2e5aa226759852430a7c074 [stream]
[debug] [2022-12-19T06:49:50.171Z] [hosting][populate queue][FINAL] {"max":1102,"min":1102,"avg":1102,"active":0,"complete":1,"success":1,"errored":0,"retried":0,"total":1,"elapsed":1117}
[debug] [2022-12-19T06:49:50.172Z] [hosting] uploads queued: 4
